0 info it worked if it ends with ok
1 verbose cli [ '/usr/local/bin/node', '/usr/local/bin/npm', 'start' ]
2 info using npm@3.10.10
3 info using node@v6.10.1
4 verbose run-script [ 'prestart', 'start', 'poststart' ]
5 info lifecycle clarity-seed@0.9.0~prestart: clarity-seed@0.9.0
6 silly lifecycle clarity-seed@0.9.0~prestart: no script for prestart, continuing
7 info lifecycle clarity-seed@0.9.0~start: clarity-seed@0.9.0
8 verbose lifecycle clarity-seed@0.9.0~start: unsafe-perm in lifecycle true
9 verbose lifecycle clarity-seed@0.9.0~start: PATH: /usr/local/lib/node_modules/npm/bin/node-gyp-bin:/Users/liyanq/board/src/ui/node_modules/.bin:/Users/liyanq/.rvm/gems/ruby-2.4.0/bin:/Users/liyanq/.rvm/gems/ruby-2.4.0@global/bin:/Users/liyanq/.rvm/rubies/ruby-2.4.0/bin:/Users/liyanq/bin/Sencha/Cmd:/usr/local/bin:/usr/bin:/bin:/usr/sbin:/sbin:/Library/Frameworks/Mono.framework/Versions/Current/Commands:/Users/liyanq/apache-tomcat-8.5.9/bin:/usr/local/mysql/bin:/Users/liyanq/apache-maven-3.3.9/bin:/Users/liyanq/.rvm/bin
10 verbose lifecycle clarity-seed@0.9.0~start: CWD: /Users/liyanq/board/src/ui
11 silly lifecycle clarity-seed@0.9.0~start: Args: [ '-c', 'ng serve --proxy-config proxy.config.json' ]
12 silly lifecycle clarity-seed@0.9.0~start: Returned: code: 1  signal: null
13 info lifecycle clarity-seed@0.9.0~start: Failed to exec start script
14 verbose stack Error: clarity-seed@0.9.0 start: `ng serve --proxy-config proxy.config.json`
14 verbose stack Exit status 1
14 verbose stack     at EventEmitter.<anonymous> (/usr/local/lib/node_modules/npm/lib/utils/lifecycle.js:255:16)
14 verbose stack     at emitTwo (events.js:106:13)
14 verbose stack     at EventEmitter.emit (events.js:191:7)
14 verbose stack     at ChildProcess.<anonymous> (/usr/local/lib/node_modules/npm/lib/utils/spawn.js:40:14)
14 verbose stack     at emitTwo (events.js:106:13)
14 verbose stack     at ChildProcess.emit (events.js:191:7)
14 verbose stack     at maybeClose (internal/child_process.js:886:16)
14 verbose stack     at Process.ChildProcess._handle.onexit (internal/child_process.js:226:5)
15 verbose pkgid clarity-seed@0.9.0
16 verbose cwd /Users/liyanq/board/src/ui
17 error Darwin 17.2.0
18 error argv "/usr/local/bin/node" "/usr/local/bin/npm" "start"
19 error node v6.10.1
20 error npm  v3.10.10
21 error code ELIFECYCLE
22 error clarity-seed@0.9.0 start: `ng serve --proxy-config proxy.config.json`
22 error Exit status 1
23 error Failed at the clarity-seed@0.9.0 start script 'ng serve --proxy-config proxy.config.json'.
23 error Make sure you have the latest version of node.js and npm installed.
23 error If you do, this is most likely a problem with the clarity-seed package,
23 error not with npm itself.
23 error Tell the author that this fails on your system:
23 error     ng serve --proxy-config proxy.config.json
23 error You can get information on how to open an issue for this project with:
23 error     npm bugs clarity-seed
23 error Or if that isn't available, you can get their info via:
23 error     npm owner ls clarity-seed
23 error There is likely additional logging output above.
24 verbose exit [ 1, true ]
